# JRE version: Java(TM) SE Runtime Environment (7.0_79-b15) (build 1.7.0_79-b15)
# Java VM: Java HotSpot(TM) 64-Bit Server VM (24.79-b02 mixed mode linux-amd64 compressed oops)
Heap
 PSYoungGen      total 559104K, used 340405K [0x00000000d7c80000, 0x0000000100000000, 0x0000000100000000)
  eden space 460288K, 61% used [0x00000000d7c80000,0x00000000e931c3a8,0x00000000f3e00000)
  from space 98816K, 55% used [0x00000000f9f80000,0x00000000fd551228,0x0000000100000000)
  to   space 99328K, 0% used [0x00000000f3e00000,0x00000000f3e00000,0x00000000f9f00000)
 ParOldGen       total 285184K, used 207168K [0x0000000087600000, 0x0000000098c80000, 0x00000000d7c80000)
  object space 285184K, 72% used [0x0000000087600000,0x0000000094050010,0x0000000098c80000)
 PSPermGen       total 69120K, used 51818K [0x0000000082400000, 0x0000000086780000, 0x0000000087600000)
  object space 69120K, 74% used [0x0000000082400000,0x000000008569a838,0x0000000086780000)
GC Heap History (10 events):
Event: 138.416 GC heap before
{Heap before GC invocations=22 (full 2):
 PSYoungGen      total 526336K, used 75256K [0x00000000d7c80000, 0x0000000100000000, 0x0000000100000000)
  eden space 451072K, 0% used [0x00000000d7c80000,0x00000000d7c80000,0x00000000f3500000)
  from space 75264K, 99% used [0x00000000fb680000,0x00000000ffffe008,0x0000000100000000)
  to   space 103936K, 0% used [0x00000000f3500000,0x00000000f3500000,0x00000000f9a80000)
 ParOldGen       total 194048K, used 186017K [0x0000000087600000, 0x0000000093380000, 0x00000000d7c80000)
  object space 194048K, 95% used [0x0000000087600000,0x0000000092ba84a0,0x0000000093380000)
 PSPermGen       total 46080K, used 45645K [0x0000000082400000, 0x0000000085100000, 0x0000000087600000)
  object space 46080K, 99% used [0x0000000082400000,0x0000000085093438,0x0000000085100000)
Event: 140.103 GC heap after
Heap after GC invocations=22 (full 2):
 PSYoungGen      total 526336K, used 0K [0x00000000d7c80000, 0x0000000100000000, 0x0000000100000000)
  eden space 451072K, 0% used [0x00000000d7c80000,0x00000000d7c80000,0x00000000f3500000)
  from space 75264K, 0% used [0x00000000fb680000,0x00000000fb680000,0x0000000100000000)
  to   space 103936K, 0% used [0x00000000f3500000,0x00000000f3500000,0x00000000f9a80000)
 ParOldGen       total 285184K, used 179990K [0x0000000087600000, 0x0000000098c80000, 0x00000000d7c80000)
  object space 285184K, 63% used [0x0000000087600000,0x00000000925c5a80,0x0000000098c80000)
 PSPermGen       total 69120K, used 43487K [0x0000000082400000, 0x0000000086780000, 0x0000000087600000)
  object space 69120K, 62% used [0x0000000082400000,0x0000000084e77c08,0x0000000086780000)
}
Event: 144.543 GC heap before
{Heap before GC invocations=23 (full 2):
 PSYoungGen      total 526336K, used 451072K [0x00000000d7c80000, 0x0000000100000000, 0x0000000100000000)
  eden space 451072K, 100% used [0x00000000d7c80000,0x00000000f3500000,0x00000000f3500000)
  from space 75264K, 0% used [0x00000000fb680000,0x00000000fb680000,0x0000000100000000)
  to   space 103936K, 0% used [0x00000000f3500000,0x00000000f3500000,0x00000000f9a80000)
 ParOldGen       total 285184K, used 179990K [0x0000000087600000, 0x0000000098c80000, 0x00000000d7c80000)
  object space 285184K, 63% used [0x0000000087600000,0x00000000925c5a80,0x0000000098c80000)
 PSPermGen       total 69120K, used 45162K [0x0000000082400000, 0x0000000086780000, 0x0000000087600000)
  object space 69120K, 65% used [0x0000000082400000,0x000000008501abc8,0x0000000086780000)
Event: 144.646 GC heap after
Heap after GC invocations=23 (full 2):
 PSYoungGen      total 555008K, used 30020K [0x00000000d7c80000, 0x0000000100000000, 0x0000000100000000)
  eden space 451072K, 0% used [0x00000000d7c80000,0x00000000d7c80000,0x00000000f3500000)
  from space 103936K, 28% used [0x00000000f3500000,0x00000000f52511c0,0x00000000f9a80000)
  to   space 99328K, 0% used [0x00000000f9f00000,0x00000000f9f00000,0x0000000100000000)
 ParOldGen       total 285184K, used 179990K [0x0000000087600000, 0x0000000098c80000, 0x00000000d7c80000)
  object space 285184K, 63% used [0x0000000087600000,0x00000000925c5a80,0x0000000098c80000)
 PSPermGen       total 69120K, used 45162K [0x0000000082400000, 0x0000000086780000, 0x0000000087600000)
  object space 69120K, 65% used [0x0000000082400000,0x000000008501abc8,0x0000000086780000)
}
Event: 150.047 GC heap before
{Heap before GC invocations=24 (full 2):
 PSYoungGen      total 555008K, used 481092K [0x00000000d7c80000, 0x0000000100000000, 0x0000000100000000)
  eden space 451072K, 100% used [0x00000000d7c80000,0x00000000f3500000,0x00000000f3500000)
  from space 103936K, 28% used [0x00000000f3500000,0x00000000f52511c0,0x00000000f9a80000)
  to   space 99328K, 0% used [0x00000000f9f00000,0x00000000f9f00000,0x0000000100000000)
 ParOldGen       total 285184K, used 179990K [0x0000000087600000, 0x0000000098c80000, 0x00000000d7c80000)
  object space 285184K, 63% used [0x0000000087600000,0x00000000925c5a80,0x0000000098c80000)
 PSPermGen       total 69120K, used 46387K [0x0000000082400000, 0x0000000086780000, 0x0000000087600000)
  object space 69120K, 67% used [0x0000000082400000,0x000000008514cf68,0x0000000086780000)
Event: 150.254 GC heap after
Heap after GC invocations=24 (full 2):
 PSYoungGen      total 549376K, used 53655K [0x00000000d7c80000, 0x00000000ffa80000, 0x0000000100000000)
  eden space 455680K, 0% used [0x00000000d7c80000,0x00000000d7c80000,0x00000000f3980000)
  from space 93696K, 57% used [0x00000000f9f00000,0x00000000fd365db0,0x00000000ffa80000)
  to   space 98816K, 0% used [0x00000000f3980000,0x00000000f3980000,0x00000000f9a00000)
 ParOldGen       total 285184K, used 179990K [0x0000000087600000, 0x0000000098c80000, 0x00000000d7c80000)
  object space 285184K, 63% used [0x0000000087600000,0x00000000925c5a80,0x0000000098c80000)
 PSPermGen       total 69120K, used 46387K [0x0000000082400000, 0x0000000086780000, 0x0000000087600000)
  object space 69120K, 67% used [0x0000000082400000,0x000000008514cf68,0x0000000086780000)
}
Event: 156.022 GC heap before
{Heap before GC invocations=25 (full 2):
 PSYoungGen      total 549376K, used 509335K [0x00000000d7c80000, 0x00000000ffa80000, 0x0000000100000000)
  eden space 455680K, 100% used [0x00000000d7c80000,0x00000000f3980000,0x00000000f3980000)
  from space 93696K, 57% used [0x00000000f9f00000,0x00000000fd365db0,0x00000000ffa80000)
  to   space 98816K, 0% used [0x00000000f3980000,0x00000000f3980000,0x00000000f9a00000)
 ParOldGen       total 285184K, used 179990K [0x0000000087600000, 0x0000000098c80000, 0x00000000d7c80000)
  object space 285184K, 63% used [0x0000000087600000,0x00000000925c5a80,0x0000000098c80000)
 PSPermGen       total 69120K, used 49931K [0x0000000082400000, 0x0000000086780000, 0x0000000087600000)
  object space 69120K, 72% used [0x0000000082400000,0x00000000854c2e68,0x0000000086780000)
Event: 156.216 GC heap after
Heap after GC invocations=25 (full 2):
 PSYoungGen      total 554496K, used 7929K [0x00000000d7c80000, 0x0000000100000000, 0x0000000100000000)
  eden space 455680K, 0% used [0x00000000d7c80000,0x00000000d7c80000,0x00000000f3980000)
  from space 98816K, 8% used [0x00000000f3980000,0x00000000f413e7c8,0x00000000f9a00000)
  to   space 98816K, 0% used [0x00000000f9f80000,0x00000000f9f80000,0x0000000100000000)
 ParOldGen       total 285184K, used 203145K [0x0000000087600000, 0x0000000098c80000, 0x00000000d7c80000)
  object space 285184K, 71% used [0x0000000087600000,0x0000000093c62408,0x0000000098c80000)
 PSPermGen       total 69120K, used 49931K [0x0000000082400000, 0x0000000086780000, 0x0000000087600000)
  object space 69120K, 72% used [0x0000000082400000,0x00000000854c2e68,0x0000000086780000)
}
Event: 163.551 GC heap before
{Heap before GC invocations=26 (full 2):
 PSYoungGen      total 554496K, used 463609K [0x00000000d7c80000, 0x0000000100000000, 0x0000000100000000)
  eden space 455680K, 100% used [0x00000000d7c80000,0x00000000f3980000,0x00000000f3980000)
  from space 98816K, 8% used [0x00000000f3980000,0x00000000f413e7c8,0x00000000f9a00000)
  to   space 98816K, 0% used [0x00000000f9f80000,0x00000000f9f80000,0x0000000100000000)
 ParOldGen       total 285184K, used 203145K [0x0000000087600000, 0x0000000098c80000, 0x00000000d7c80000)
  object space 285184K, 71% used [0x0000000087600000,0x0000000093c62408,0x0000000098c80000)
 PSPermGen       total 69120K, used 51807K [0x0000000082400000, 0x0000000086780000, 0x0000000087600000)
  object space 69120K, 74% used [0x0000000082400000,0x0000000085697f30,0x0000000086780000)
Event: 163.808 GC heap after
Heap after GC invocations=26 (full 2):
 PSYoungGen      total 559104K, used 55108K [0x00000000d7c80000, 0x0000000100000000, 0x0000000100000000)
  eden space 460288K, 0% used [0x00000000d7c80000,0x00000000d7c80000,0x00000000f3e00000)
  from space 98816K, 55% used [0x00000000f9f80000,0x00000000fd551228,0x0000000100000000)
  to   space 99328K, 0% used [0x00000000f3e00000,0x00000000f3e00000,0x00000000f9f00000)
 ParOldGen       total 285184K, used 207168K [0x0000000087600000, 0x0000000098c80000, 0x00000000d7c80000)
  object space 285184K, 72% used [0x0000000087600000,0x0000000094050010,0x0000000098c80000)
 PSPermGen       total 69120K, used 51807K [0x0000000082400000, 0x0000000086780000, 0x0000000087600000)
  object space 69120K, 74% used [0x0000000082400000,0x0000000085697f30,0x0000000086780000)
}

