# JRE version: Java(TM) SE Runtime Environment (7.0_79-b15) (build 1.7.0_79-b15)
# Java VM: Java HotSpot(TM) 64-Bit Server VM (24.79-b02 mixed mode linux-amd64 compressed oops)
Heap
 PSYoungGen      total 596992K, used 544933K [0x00000000d7c80000, 0x0000000100000000, 0x0000000100000000)
  eden space 537088K, 100% used [0x00000000d7c80000,0x00000000f8900000,0x00000000f8900000)
  from space 59904K, 13% used [0x00000000f8900000,0x00000000f90a9530,0x00000000fc380000)
  to   space 59392K, 66% used [0x00000000fc600000,0x00000000fec7ff00,0x0000000100000000)
 ParOldGen       total 192512K, used 119348K [0x0000000087600000, 0x0000000093200000, 0x00000000d7c80000)
  object space 192512K, 61% used [0x0000000087600000,0x000000008ea8d0e8,0x0000000093200000)
 PSPermGen       total 83968K, used 56292K [0x0000000082400000, 0x0000000087600000, 0x0000000087600000)
  object space 83968K, 67% used [0x0000000082400000,0x0000000085af92e8,0x0000000087600000)
GC Heap History (10 events):
Event: 115.250 GC heap after
Heap after GC invocations=17 (full 2):
 PSYoungGen      total 606208K, used 50169K [0x00000000d7c80000, 0x0000000100000000, 0x0000000100000000)
  eden space 556032K, 0% used [0x00000000d7c80000,0x00000000d7c80000,0x00000000f9b80000)
  from space 50176K, 99% used [0x00000000f9b80000,0x00000000fcc7e7f0,0x00000000fcc80000)
  to   space 52736K, 0% used [0x00000000fcc80000,0x00000000fcc80000,0x0000000100000000)
 ParOldGen       total 192512K, used 105190K [0x0000000087600000, 0x0000000093200000, 0x00000000d7c80000)
  object space 192512K, 54% used [0x0000000087600000,0x000000008dcb9900,0x0000000093200000)
 PSPermGen       total 83968K, used 47236K [0x0000000082400000, 0x0000000087600000, 0x0000000087600000)
  object space 83968K, 56% used [0x0000000082400000,0x00000000852210a8,0x0000000087600000)
}
Event: 124.833 GC heap before
{Heap before GC invocations=18 (full 2):
 PSYoungGen      total 606208K, used 606201K [0x00000000d7c80000, 0x0000000100000000, 0x0000000100000000)
  eden space 556032K, 100% used [0x00000000d7c80000,0x00000000f9b80000,0x00000000f9b80000)
  from space 50176K, 99% used [0x00000000f9b80000,0x00000000fcc7e7f0,0x00000000fcc80000)
  to   space 52736K, 0% used [0x00000000fcc80000,0x00000000fcc80000,0x0000000100000000)
 ParOldGen       total 192512K, used 105190K [0x0000000087600000, 0x0000000093200000, 0x00000000d7c80000)
  object space 192512K, 54% used [0x0000000087600000,0x000000008dcb9900,0x0000000093200000)
 PSPermGen       total 83968K, used 47308K [0x0000000082400000, 0x0000000087600000, 0x0000000087600000)
  object space 83968K, 56% used [0x0000000082400000,0x0000000085233058,0x0000000087600000)
Event: 124.865 GC heap after
Heap after GC invocations=18 (full 2):
 PSYoungGen      total 587776K, used 11751K [0x00000000d7c80000, 0x0000000100000000, 0x0000000100000000)
  eden space 535040K, 0% used [0x00000000d7c80000,0x00000000d7c80000,0x00000000f8700000)
  from space 52736K, 22% used [0x00000000fcc80000,0x00000000fd7f9fe0,0x0000000100000000)
  to   space 61952K, 0% used [0x00000000f8700000,0x00000000f8700000,0x00000000fc380000)
 ParOldGen       total 192512K, used 107443K [0x0000000087600000, 0x0000000093200000, 0x00000000d7c80000)
  object space 192512K, 55% used [0x0000000087600000,0x000000008deecd68,0x0000000093200000)
 PSPermGen       total 83968K, used 47308K [0x0000000082400000, 0x0000000087600000, 0x0000000087600000)
  object space 83968K, 56% used [0x0000000082400000,0x0000000085233058,0x0000000087600000)
}
Event: 128.935 GC heap before
{Heap before GC invocations=19 (full 2):
 PSYoungGen      total 587776K, used 546791K [0x00000000d7c80000, 0x0000000100000000, 0x0000000100000000)
  eden space 535040K, 100% used [0x00000000d7c80000,0x00000000f8700000,0x00000000f8700000)
  from space 52736K, 22% used [0x00000000fcc80000,0x00000000fd7f9fe0,0x0000000100000000)
  to   space 61952K, 0% used [0x00000000f8700000,0x00000000f8700000,0x00000000fc380000)
 ParOldGen       total 192512K, used 107443K [0x0000000087600000, 0x0000000093200000, 0x00000000d7c80000)
  object space 192512K, 55% used [0x0000000087600000,0x000000008deecd68,0x0000000093200000)
 PSPermGen       total 83968K, used 47353K [0x0000000082400000, 0x0000000087600000, 0x0000000087600000)
  object space 83968K, 56% used [0x0000000082400000,0x000000008523e620,0x0000000087600000)
Event: 129.015 GC heap after
Heap after GC invocations=19 (full 2):
 PSYoungGen      total 596992K, used 16576K [0x00000000d7c80000, 0x0000000100000000, 0x0000000100000000)
  eden space 535040K, 0% used [0x00000000d7c80000,0x00000000d7c80000,0x00000000f8700000)
  from space 61952K, 26% used [0x00000000f8700000,0x00000000f97303e0,0x00000000fc380000)
  to   space 59904K, 0% used [0x00000000fc580000,0x00000000fc580000,0x0000000100000000)
 ParOldGen       total 192512K, used 107443K [0x0000000087600000, 0x0000000093200000, 0x00000000d7c80000)
  object space 192512K, 55% used [0x0000000087600000,0x000000008deecd68,0x0000000093200000)
 PSPermGen       total 83968K, used 47353K [0x0000000082400000, 0x0000000087600000, 0x0000000087600000)
  object space 83968K, 56% used [0x0000000082400000,0x000000008523e620,0x0000000087600000)
}
Event: 132.583 GC heap before
{Heap before GC invocations=20 (full 2):
 PSYoungGen      total 596992K, used 551616K [0x00000000d7c80000, 0x0000000100000000, 0x0000000100000000)
  eden space 535040K, 100% used [0x00000000d7c80000,0x00000000f8700000,0x00000000f8700000)
  from space 61952K, 26% used [0x00000000f8700000,0x00000000f97303e0,0x00000000fc380000)
  to   space 59904K, 0% used [0x00000000fc580000,0x00000000fc580000,0x0000000100000000)
 ParOldGen       total 192512K, used 107443K [0x0000000087600000, 0x0000000093200000, 0x00000000d7c80000)
  object space 192512K, 55% used [0x0000000087600000,0x000000008deecd68,0x0000000093200000)
 PSPermGen       total 83968K, used 47375K [0x0000000082400000, 0x0000000087600000, 0x0000000087600000)
  object space 83968K, 56% used [0x0000000082400000,0x0000000085243c68,0x0000000087600000)
Event: 132.736 GC heap after
Heap after GC invocations=20 (full 2):
 PSYoungGen      total 594944K, used 34736K [0x00000000d7c80000, 0x00000000ffe00000, 0x0000000100000000)
  eden space 537088K, 0% used [0x00000000d7c80000,0x00000000d7c80000,0x00000000f8900000)
  from space 57856K, 60% used [0x00000000fc580000,0x00000000fe76c3d0,0x00000000ffe00000)
  to   space 59904K, 0% used [0x00000000f8900000,0x00000000f8900000,0x00000000fc380000)
 ParOldGen       total 192512K, used 107443K [0x0000000087600000, 0x0000000093200000, 0x00000000d7c80000)
  object space 192512K, 55% used [0x0000000087600000,0x000000008deecd68,0x0000000093200000)
 PSPermGen       total 83968K, used 47375K [0x0000000082400000, 0x0000000087600000, 0x0000000087600000)
  object space 83968K, 56% used [0x0000000082400000,0x0000000085243c68,0x0000000087600000)
}
Event: 136.943 GC heap before
{Heap before GC invocations=21 (full 2):
 PSYoungGen      total 594944K, used 571824K [0x00000000d7c80000, 0x00000000ffe00000, 0x0000000100000000)
  eden space 537088K, 100% used [0x00000000d7c80000,0x00000000f8900000,0x00000000f8900000)
  from space 57856K, 60% used [0x00000000fc580000,0x00000000fe76c3d0,0x00000000ffe00000)
  to   space 59904K, 0% used [0x00000000f8900000,0x00000000f8900000,0x00000000fc380000)
 ParOldGen       total 192512K, used 107443K [0x0000000087600000, 0x0000000093200000, 0x00000000d7c80000)
  object space 192512K, 55% used [0x0000000087600000,0x000000008deecd68,0x0000000093200000)
 PSPermGen       total 83968K, used 50158K [0x0000000082400000, 0x0000000087600000, 0x0000000087600000)
  object space 83968K, 59% used [0x0000000082400000,0x00000000854fba18,0x0000000087600000)
Event: 137.034 GC heap after
Heap after GC invocations=21 (full 2):
 PSYoungGen      total 596992K, used 7845K [0x00000000d7c80000, 0x0000000100000000, 0x0000000100000000)
  eden space 537088K, 0% used [0x00000000d7c80000,0x00000000d7c80000,0x00000000f8900000)
  from space 59904K, 13% used [0x00000000f8900000,0x00000000f90a9530,0x00000000fc380000)
  to   space 59392K, 0% used [0x00000000fc600000,0x00000000fc600000,0x0000000100000000)
 ParOldGen       total 192512K, used 117301K [0x0000000087600000, 0x0000000093200000, 0x00000000d7c80000)
  object space 192512K, 60% used [0x0000000087600000,0x000000008e88d4a8,0x0000000093200000)
 PSPermGen       total 83968K, used 50158K [0x0000000082400000, 0x0000000087600000, 0x0000000087600000)
  object space 83968K, 59% used [0x0000000082400000,0x00000000854fba18,0x0000000087600000)
}
Event: 164.013 GC heap before
{Heap before GC invocations=22 (full 2):
 PSYoungGen      total 596992K, used 544933K [0x00000000d7c80000, 0x0000000100000000, 0x0000000100000000)
  eden space 537088K, 100% used [0x00000000d7c80000,0x00000000f8900000,0x00000000f8900000)
  from space 59904K, 13% used [0x00000000f8900000,0x00000000f90a9530,0x00000000fc380000)
  to   space 59392K, 0% used [0x00000000fc600000,0x00000000fc600000,0x0000000100000000)
 ParOldGen       total 192512K, used 117301K [0x0000000087600000, 0x0000000093200000, 0x00000000d7c80000)
  object space 192512K, 60% used [0x0000000087600000,0x000000008e88d4a8,0x0000000093200000)
 PSPermGen       total 83968K, used 56292K [0x0000000082400000, 0x0000000087600000, 0x0000000087600000)
  object space 83968K, 67% used [0x0000000082400000,0x0000000085af92e8,0x0000000087600000)

