# JRE version: OpenJDK Runtime Environment (7.0_91-b02) (build 1.7.0_91-b02)
# Java VM: OpenJDK 64-Bit Server VM (24.91-b01 mixed mode linux-amd64 compressed oops)
Heap
 PSYoungGen      total 517632K, used 513520K [0x00000007d7c80000, 0x0000000800000000, 0x0000000800000000)
  eden space 496640K, 100% used [0x00000007d7c80000,0x00000007f6180000,0x00000007f6180000)
  from space 20992K, 80% used [0x00000007f6180000,0x00000007f71fc3d0,0x00000007f7600000)
  to   space 22528K, 12% used [0x00000007fea00000,0x00000007feccc010,0x0000000800000000)
 ParOldGen       total 81920K, used 31878K [0x0000000787600000, 0x000000078c600000, 0x00000007d7c80000)
  object space 81920K, 38% used [0x0000000787600000,0x0000000789521848,0x000000078c600000)
 PSPermGen       total 21504K, used 15538K [0x000000077d000000, 0x000000077e500000, 0x0000000787600000)
  object space 21504K, 72% used [0x000000077d000000,0x000000077df2c8d8,0x000000077e500000)
GC Heap History (10 events):
Event: 14.814 GC heap after
Heap after GC invocations=5 (full 0):
 PSYoungGen      total 130048K, used 5120K [0x00000007d7c80000, 0x00000007e8880000, 0x0000000800000000)
  eden space 124928K, 0% used [0x00000007d7c80000,0x00000007d7c80000,0x00000007df680000)
  from space 5120K, 100% used [0x00000007df680000,0x00000007dfb80000,0x00000007dfb80000)
  to   space 12288K, 0% used [0x00000007e7c80000,0x00000007e7c80000,0x00000007e8880000)
 ParOldGen       total 81920K, used 11925K [0x0000000787600000, 0x000000078c600000, 0x00000007d7c80000)
  object space 81920K, 14% used [0x0000000787600000,0x00000007881a5778,0x000000078c600000)
 PSPermGen       total 21504K, used 13376K [0x000000077d000000, 0x000000077e500000, 0x0000000787600000)
  object space 21504K, 62% used [0x000000077d000000,0x000000077dd10290,0x000000077e500000)
}
Event: 17.636 GC heap before
{Heap before GC invocations=6 (full 0):
 PSYoungGen      total 130048K, used 130048K [0x00000007d7c80000, 0x00000007e8880000, 0x0000000800000000)
  eden space 124928K, 100% used [0x00000007d7c80000,0x00000007df680000,0x00000007df680000)
  from space 5120K, 100% used [0x00000007df680000,0x00000007dfb80000,0x00000007dfb80000)
  to   space 12288K, 0% used [0x00000007e7c80000,0x00000007e7c80000,0x00000007e8880000)
 ParOldGen       total 81920K, used 11925K [0x0000000787600000, 0x000000078c600000, 0x00000007d7c80000)
  object space 81920K, 14% used [0x0000000787600000,0x00000007881a5778,0x000000078c600000)
 PSPermGen       total 21504K, used 13490K [0x000000077d000000, 0x000000077e500000, 0x0000000787600000)
  object space 21504K, 62% used [0x000000077d000000,0x000000077dd2caf0,0x000000077e500000)
Event: 17.701 GC heap after
Heap after GC invocations=6 (full 0):
 PSYoungGen      total 261120K, used 11040K [0x00000007d7c80000, 0x00000007e8a80000, 0x0000000800000000)
  eden space 248832K, 0% used [0x00000007d7c80000,0x00000007d7c80000,0x00000007e6f80000)
  from space 12288K, 89% used [0x00000007e7c80000,0x00000007e8748020,0x00000007e8880000)
  to   space 13312K, 0% used [0x00000007e6f80000,0x00000007e6f80000,0x00000007e7c80000)
 ParOldGen       total 81920K, used 11925K [0x0000000787600000, 0x000000078c600000, 0x00000007d7c80000)
  object space 81920K, 14% used [0x0000000787600000,0x00000007881a5778,0x000000078c600000)
 PSPermGen       total 21504K, used 13490K [0x000000077d000000, 0x000000077e500000, 0x0000000787600000)
  object space 21504K, 62% used [0x000000077d000000,0x000000077dd2caf0,0x000000077e500000)
}
Event: 25.387 GC heap before
{Heap before GC invocations=7 (full 0):
 PSYoungGen      total 261120K, used 259872K [0x00000007d7c80000, 0x00000007e8a80000, 0x0000000800000000)
  eden space 248832K, 100% used [0x00000007d7c80000,0x00000007e6f80000,0x00000007e6f80000)
  from space 12288K, 89% used [0x00000007e7c80000,0x00000007e8748020,0x00000007e8880000)
  to   space 13312K, 0% used [0x00000007e6f80000,0x00000007e6f80000,0x00000007e7c80000)
 ParOldGen       total 81920K, used 11925K [0x0000000787600000, 0x000000078c600000, 0x00000007d7c80000)
  object space 81920K, 14% used [0x0000000787600000,0x00000007881a5778,0x000000078c600000)
 PSPermGen       total 21504K, used 15203K [0x000000077d000000, 0x000000077e500000, 0x0000000787600000)
  object space 21504K, 70% used [0x000000077d000000,0x000000077ded8cf0,0x000000077e500000)
Event: 25.660 GC heap after
Heap after GC invocations=7 (full 0):
 PSYoungGen      total 262144K, used 13296K [0x00000007d7c80000, 0x00000007f8980000, 0x0000000800000000)
  eden space 248832K, 0% used [0x00000007d7c80000,0x00000007d7c80000,0x00000007e6f80000)
  from space 13312K, 99% used [0x00000007e6f80000,0x00000007e7c7c3b0,0x00000007e7c80000)
  to   space 19968K, 0% used [0x00000007f7600000,0x00000007f7600000,0x00000007f8980000)
 ParOldGen       total 81920K, used 20741K [0x0000000787600000, 0x000000078c600000, 0x00000007d7c80000)
  object space 81920K, 25% used [0x0000000787600000,0x0000000788a41620,0x000000078c600000)
 PSPermGen       total 21504K, used 15203K [0x000000077d000000, 0x000000077e500000, 0x0000000787600000)
  object space 21504K, 70% used [0x000000077d000000,0x000000077ded8cf0,0x000000077e500000)
}
Event: 34.078 GC heap before
{Heap before GC invocations=8 (full 0):
 PSYoungGen      total 262144K, used 262128K [0x00000007d7c80000, 0x00000007f8980000, 0x0000000800000000)
  eden space 248832K, 100% used [0x00000007d7c80000,0x00000007e6f80000,0x00000007e6f80000)
  from space 13312K, 99% used [0x00000007e6f80000,0x00000007e7c7c3b0,0x00000007e7c80000)
  to   space 19968K, 0% used [0x00000007f7600000,0x00000007f7600000,0x00000007f8980000)
 ParOldGen       total 81920K, used 20741K [0x0000000787600000, 0x000000078c600000, 0x00000007d7c80000)
  object space 81920K, 25% used [0x0000000787600000,0x0000000788a41620,0x000000078c600000)
 PSPermGen       total 21504K, used 15323K [0x000000077d000000, 0x000000077e500000, 0x0000000787600000)
  object space 21504K, 71% used [0x000000077d000000,0x000000077def6d18,0x000000077e500000)
Event: 34.234 GC heap after
Heap after GC invocations=8 (full 0):
 PSYoungGen      total 516608K, used 14752K [0x00000007d7c80000, 0x00000007f8b80000, 0x0000000800000000)
  eden space 496640K, 0% used [0x00000007d7c80000,0x00000007d7c80000,0x00000007f6180000)
  from space 19968K, 73% used [0x00000007f7600000,0x00000007f84683e0,0x00000007f8980000)
  to   space 20992K, 0% used [0x00000007f6180000,0x00000007f6180000,0x00000007f7600000)
 ParOldGen       total 81920K, used 22637K [0x0000000787600000, 0x000000078c600000, 0x00000007d7c80000)
  object space 81920K, 27% used [0x0000000787600000,0x0000000788c1b650,0x000000078c600000)
 PSPermGen       total 21504K, used 15323K [0x000000077d000000, 0x000000077e500000, 0x0000000787600000)
  object space 21504K, 71% used [0x000000077d000000,0x000000077def6d18,0x000000077e500000)
}
Event: 41.271 GC heap before
{Heap before GC invocations=9 (full 0):
 PSYoungGen      total 516608K, used 511392K [0x00000007d7c80000, 0x00000007f8b80000, 0x0000000800000000)
  eden space 496640K, 100% used [0x00000007d7c80000,0x00000007f6180000,0x00000007f6180000)
  from space 19968K, 73% used [0x00000007f7600000,0x00000007f84683e0,0x00000007f8980000)
  to   space 20992K, 0% used [0x00000007f6180000,0x00000007f6180000,0x00000007f7600000)
 ParOldGen       total 81920K, used 22637K [0x0000000787600000, 0x000000078c600000, 0x00000007d7c80000)
  object space 81920K, 27% used [0x0000000787600000,0x0000000788c1b650,0x000000078c600000)
 PSPermGen       total 21504K, used 15422K [0x000000077d000000, 0x000000077e500000, 0x0000000787600000)
  object space 21504K, 71% used [0x000000077d000000,0x000000077df0fb90,0x000000077e500000)
Event: 41.348 GC heap after
Heap after GC invocations=9 (full 0):
 PSYoungGen      total 517632K, used 16880K [0x00000007d7c80000, 0x0000000800000000, 0x0000000800000000)
  eden space 496640K, 0% used [0x00000007d7c80000,0x00000007d7c80000,0x00000007f6180000)
  from space 20992K, 80% used [0x00000007f6180000,0x00000007f71fc3d0,0x00000007f7600000)
  to   space 22528K, 0% used [0x00000007fea00000,0x00000007fea00000,0x0000000800000000)
 ParOldGen       total 81920K, used 27254K [0x0000000787600000, 0x000000078c600000, 0x00000007d7c80000)
  object space 81920K, 33% used [0x0000000787600000,0x000000078909da18,0x000000078c600000)
 PSPermGen       total 21504K, used 15422K [0x000000077d000000, 0x000000077e500000, 0x0000000787600000)
  object space 21504K, 71% used [0x000000077d000000,0x000000077df0fb90,0x000000077e500000)
}
Event: 47.130 GC heap before
{Heap before GC invocations=10 (full 0):
 PSYoungGen      total 517632K, used 513520K [0x00000007d7c80000, 0x0000000800000000, 0x0000000800000000)
  eden space 496640K, 100% used [0x00000007d7c80000,0x00000007f6180000,0x00000007f6180000)
  from space 20992K, 80% used [0x00000007f6180000,0x00000007f71fc3d0,0x00000007f7600000)
  to   space 22528K, 0% used [0x00000007fea00000,0x00000007fea00000,0x0000000800000000)
 ParOldGen       total 81920K, used 27254K [0x0000000787600000, 0x000000078c600000, 0x00000007d7c80000)
  object space 81920K, 33% used [0x0000000787600000,0x000000078909da18,0x000000078c600000)
 PSPermGen       total 21504K, used 15538K [0x000000077d000000, 0x000000077e500000, 0x0000000787600000)
  object space 21504K, 72% used [0x000000077d000000,0x000000077df2c8d8,0x000000077e500000)

